2024-01-12 22:53:38 Loading main app package /tmp/.mount_obsidi3XzKYZ/resources/obsidian.asar
2024-01-12 22:53:38 Checking for update using Github
2024-01-12 22:53:38 Success.
2024-01-12 22:53:38 Latest version is 1.5.3
2024-01-12 22:53:38 App is up to date.
2024-01-12 22:54:04 Loading main app package /tmp/.mount_obsidiyt0UQn/resources/obsidian.asar
2024-01-12 22:54:04 Checking for update using Github
2024-01-12 22:54:04 Success.
2024-01-12 22:54:04 Latest version is 1.5.3
2024-01-12 22:54:04 App is up to date.
2024-01-12 23:54:04 Checking for update using Github
2024-01-12 23:54:04 Success.
2024-01-12 23:54:04 Latest version is 1.5.3
2024-01-12 23:54:04 App is up to date.
2024-01-13 00:54:04 Checking for update using Github
2024-01-13 00:54:04 Success.
2024-01-13 00:54:04 Latest version is 1.5.3
2024-01-13 00:54:04 App is up to date.
2024-01-13 01:54:04 Checking for update using Github
2024-01-13 01:54:04 Success.
2024-01-13 01:54:04 Latest version is 1.5.3
2024-01-13 01:54:04 App is up to date.
2024-01-13 02:54:04 Checking for update using Github
2024-01-13 02:54:04 Success.
2024-01-13 02:54:04 Latest version is 1.5.3
2024-01-13 02:54:04 App is up to date.
2024-01-13 03:54:04 Checking for update using Github
2024-01-13 03:54:04 Success.
2024-01-13 03:54:04 Latest version is 1.5.3
2024-01-13 03:54:04 App is up to date.
2024-01-13 04:54:04 Checking for update using Github
2024-01-13 04:54:04 Success.
2024-01-13 04:54:04 Latest version is 1.5.3
2024-01-13 04:54:04 App is up to date.
2024-01-13 05:54:04 Checking for update using Github
2024-01-13 05:54:04 Success.
2024-01-13 05:54:04 Latest version is 1.5.3
2024-01-13 05:54:04 App is up to date.
2024-01-14 01:41:49 Loading main app package /tmp/.mount_obsidinCuE1y/resources/obsidian.asar
2024-01-14 01:41:49 Checking for update using Github
2024-01-14 01:41:50 Success.
2024-01-14 01:41:50 Latest version is 1.5.3
2024-01-14 01:41:50 App is up to date.
2024-01-14 02:41:49 Checking for update using Github
2024-01-14 02:41:49 Success.
2024-01-14 02:41:49 Latest version is 1.5.3
2024-01-14 02:41:49 App is up to date.
2024-01-15 02:00:38 Loading main app package /tmp/.mount_obsidiySC8sF/resources/obsidian.asar
2024-01-15 02:00:38 Checking for update using Github
2024-01-15 02:00:38 Success.
2024-01-15 02:00:38 Latest version is 1.5.3
2024-01-15 02:00:38 App is up to date.
2024-01-15 03:48:44 Loading main app package /tmp/.mount_obsidirp2BCT/resources/obsidian.asar
2024-01-15 03:48:45 Checking for update using Github
2024-01-15 03:48:45 Success.
2024-01-15 03:48:45 Latest version is 1.5.3
2024-01-15 03:48:45 App is up to date.
2024-01-15 04:48:44 Checking for update using Github
2024-01-15 04:48:45 Success.
2024-01-15 04:48:45 Latest version is 1.5.3
2024-01-15 04:48:45 App is up to date.
2024-01-15 05:48:45 Checking for update using Github
2024-01-15 05:48:45 Success.
2024-01-15 05:48:45 Latest version is 1.5.3
2024-01-15 05:48:45 App is up to date.
2024-01-15 06:48:45 Checking for update using Github
2024-01-15 06:48:45 Success.
2024-01-15 06:48:45 Latest version is 1.5.3
2024-01-15 06:48:45 App is up to date.
2024-01-15 16:59:22 Checking for update using Github
2024-01-15 16:59:22 Success.
2024-01-15 16:59:22 Latest version is 1.5.3
2024-01-15 16:59:22 App is up to date.
2024-01-15 17:59:22 Checking for update using Github
2024-01-15 17:59:22 Success.
2024-01-15 17:59:22 Latest version is 1.5.3
2024-01-15 17:59:22 App is up to date.
2024-01-15 19:46:00 Checking for update using Github
2024-01-15 19:46:00 Success.
2024-01-15 19:46:00 Latest version is 1.5.3
2024-01-15 19:46:00 App is up to date.
2024-01-16 01:18:01 Loading main app package /tmp/.mount_obsidioKmpqm/resources/obsidian.asar
2024-01-16 01:18:01 Checking for update using Github
2024-01-16 01:18:01 Success.
2024-01-16 01:18:01 Latest version is 1.5.3
2024-01-16 01:18:01 App is up to date.
2024-01-17 02:31:04 Loading main app package /tmp/.mount_obsidiw3Oza2/resources/obsidian.asar
2024-01-17 02:31:05 Checking for update using Github
2024-01-17 02:31:05 Success.
2024-01-17 02:31:05 Latest version is 1.5.3
2024-01-17 02:31:05 App is up to date.
2024-01-17 03:31:03 Checking for update using Github
2024-01-17 03:31:03 Success.
2024-01-17 03:31:03 Latest version is 1.5.3
2024-01-17 03:31:03 App is up to date.
2024-01-17 04:31:03 Checking for update using Github
2024-01-17 04:31:03 Success.
2024-01-17 04:31:03 Latest version is 1.5.3
2024-01-17 04:31:03 App is up to date.
2024-01-19 18:33:22 Loading main app package /tmp/.mount_obsidiOJbu13/resources/obsidian.asar
2024-01-19 18:33:22 Checking for update using Github
2024-01-19 18:33:22 Success.
2024-01-19 18:33:22 Latest version is 1.5.3
2024-01-19 18:33:22 App is up to date.
2024-01-19 19:05:03 Loading main app package /tmp/.mount_obsidipVKP9F/resources/obsidian.asar
2024-01-19 19:05:04 Checking for update using Github
2024-01-19 19:05:04 Success.
2024-01-19 19:05:04 Latest version is 1.5.3
2024-01-19 19:05:04 App is up to date.
2024-01-19 20:05:03 Checking for update using Github
2024-01-19 20:05:03 Success.
2024-01-19 20:05:03 Latest version is 1.5.3
2024-01-19 20:05:03 App is up to date.
2024-01-19 21:05:03 Checking for update using Github
2024-01-19 21:05:03 Success.
2024-01-19 21:05:03 Latest version is 1.5.3
2024-01-19 21:05:03 App is up to date.
2024-01-19 22:05:04 Checking for update using Github
2024-01-19 22:05:04 Success.
2024-01-19 22:05:04 Latest version is 1.5.3
2024-01-19 22:05:04 App is up to date.
2024-01-19 23:05:04 Checking for update using Github
2024-01-19 23:05:04 Success.
2024-01-19 23:05:04 Latest version is 1.5.3
2024-01-19 23:05:04 App is up to date.
2024-01-20 00:05:04 Checking for update using Github
2024-01-20 00:05:04 Success.
2024-01-20 00:05:04 Latest version is 1.5.3
2024-01-20 00:05:04 App is up to date.
2024-01-20 01:05:04 Checking for update using Github
2024-01-20 01:05:04 Success.
2024-01-20 01:05:04 Latest version is 1.5.3
2024-01-20 01:05:04 App is up to date.
2024-01-20 01:56:18 Loading main app package /tmp/.mount_obsidiNlLpPO/resources/obsidian.asar
2024-01-20 01:56:18 Checking for update using Github
2024-01-29 01:27:05 Loading main app package /tmp/.mount_obsidiKMo8z3/resources/obsidian.asar
2024-01-29 01:27:05 Checking for update using Github
2024-01-29 01:27:06 Success.
2024-01-29 01:27:06 Latest version is 1.5.3
2024-01-29 01:27:06 App is up to date.
2024-01-31 09:05:37 Loading main app package /tmp/.mount_obsidi2JUNAG/resources/obsidian.asar
2024-01-31 09:05:38 Checking for update using Github
2024-01-31 09:05:38 Success.
2024-01-31 09:05:38 Latest version is 1.5.3
2024-01-31 09:05:38 App is up to date.
2024-02-03 21:11:20 Loading main app package /tmp/.mount_obsidiqu0ykV/resources/obsidian.asar
2024-02-03 21:11:20 Checking for update using Github
2024-02-03 21:11:20 Success.
2024-02-03 21:11:20 Latest version is 1.5.3
2024-02-03 21:11:20 App is up to date.
2024-02-04 18:05:04 Loading main app package /tmp/.mount_ObsidiG3XzP2/resources/obsidian.asar
2024-02-04 18:05:05 Checking for update using Github
2024-02-04 18:05:05 Success.
2024-02-04 18:05:05 Latest version is 1.5.3
2024-02-04 18:05:05 App is up to date.
2024-02-12 16:11:09 Loading main app package /tmp/.mount_obsidiAt4QRm/resources/obsidian.asar
2024-02-12 16:11:09 Checking for update using Github
2024-02-12 16:11:09 Success.
2024-02-12 16:11:09 Latest version is 1.5.3
2024-02-12 16:11:09 App is up to date.
2024-02-12 17:11:09 Checking for update using Github
2024-02-12 17:11:09 Success.
2024-02-12 17:11:09 Latest version is 1.5.3
2024-02-12 17:11:09 App is up to date.
2024-02-12 18:11:09 Checking for update using Github
2024-02-12 18:11:09 Success.
2024-02-12 18:11:09 Latest version is 1.5.3
2024-02-12 18:11:09 App is up to date.
2024-02-12 19:11:09 Checking for update using Github
2024-02-12 19:11:09 Success.
2024-02-12 19:11:09 Latest version is 1.5.3
2024-02-12 19:11:09 App is up to date.
2024-02-12 20:11:09 Checking for update using Github
2024-02-12 20:11:09 Success.
2024-02-12 20:11:09 Latest version is 1.5.3
2024-02-12 20:11:09 App is up to date.
2024-02-12 21:11:09 Checking for update using Github
2024-02-12 21:11:09 Success.
2024-02-12 21:11:09 Latest version is 1.5.3
2024-02-12 21:11:09 App is up to date.
2024-02-12 22:11:09 Checking for update using Github
2024-02-12 22:11:09 Success.
2024-02-12 22:11:09 Latest version is 1.5.3
2024-02-12 22:11:09 App is up to date.
2024-02-12 23:11:09 Checking for update using Github
2024-02-12 23:11:09 Success.
2024-02-12 23:11:09 Latest version is 1.5.3
2024-02-12 23:11:09 App is up to date.
2024-02-13 00:11:09 Checking for update using Github
2024-02-13 00:11:09 Success.
2024-02-13 00:11:09 Latest version is 1.5.3
2024-02-13 00:11:09 App is up to date.
2024-02-13 01:11:10 Checking for update using Github
2024-02-13 01:11:10 Success.
2024-02-13 01:11:10 Latest version is 1.5.3
2024-02-13 01:11:10 App is up to date.
2024-02-13 01:20:04 Loading main app package /tmp/.mount_obsidi3a6cxL/resources/obsidian.asar
2024-02-13 01:20:05 Checking for update using Github
2024-02-13 01:20:05 Success.
2024-02-13 01:20:05 Latest version is 1.5.3
2024-02-13 01:20:05 App is up to date.
